<?xml version="1.0" encoding="UTF-8"?>
<!-- Generated by org.testng.reporters.JUnitReportReporter -->
<testsuite skipped="0" hostname="DESKTOP-512GOK7" name="test.test1" tests="2" failures="0" timestamp="2019-10-21T12:39:35 IST" time="18.312" errors="0">
  <testcase name="verifyTitle" time="10.498" classname="test.test1"/>
  <testcase name="verifyPage" time="7.814" classname="test.test1"/>
</testsuite> <!-- test.test1 -->
